Creating scope :page. Overwriting existing method ActiveRecord::SessionStore::Session.page.
Creating scope :page. Overwriting existing method User.page.
Creating scope :page. Overwriting existing method Application.page.
Creating scope :page. Overwriting existing method Globalize::ActiveRecord::Translation.page.
Creating scope :page. Overwriting existing method Functionality.page.
Creating scope :page. Overwriting existing method OperatingSystem.page.
Creating scope :page. Overwriting existing method Activity.page.
Creating scope :page. Overwriting existing method ActivitySequence.page.
Creating scope :page. Overwriting existing method Article.page.
Creating scope :page. Overwriting existing method Artwork.page.
Creating scope :page. Overwriting existing method Biography.page.
Creating scope :page. Overwriting existing method Book.page.
Creating scope :page. Overwriting existing method Comment.page.
Creating scope :page. Overwriting existing method Content.page.
Creating scope :page. Overwriting existing method ContextualSetting.page.
Creating scope :page. Overwriting existing method Course.page.
Creating scope :page. Overwriting existing method Device.page.
Creating scope :page. Overwriting existing method Documentary.page.
Creating scope :page. Overwriting existing method Document.page.
Creating scope :page. Overwriting existing method Event.page.
Creating scope :page. Overwriting existing method Experience.page.
Creating scope :page. Overwriting existing method Group.page.
Creating scope :page. Overwriting existing method Guide.page.
Creating scope :page. Overwriting existing method Klascement.page.
Creating scope :page. Overwriting existing method Lecture.page.
Creating scope :page. Overwriting existing method Lre.page.
Creating scope :page. Overwriting existing method Person.page.
Creating scope :page. Overwriting existing method Picture.page.
Creating scope :page. Overwriting existing method Post.page.
Creating scope :page. Overwriting existing method Report.page.
Creating scope :page. Overwriting existing method ReutersNewItem.page.
Creating scope :page. Overwriting existing method Scenario.page.
Creating scope :page. Overwriting existing method Site.page.
Creating scope :page. Overwriting existing method Slideshow.page.
Creating scope :page. Overwriting existing method TechnologicalSetting.page.
Creating scope :page. Overwriting existing method Widget.page.
Creating scope :page. Overwriting existing method AbstractRequirement.page.
Creating scope :page. Overwriting existing method AbstractRequirementFunctionalityAnnotation.page.
Creating scope :page. Overwriting existing method AbstractRequirementToolAssignment.page.
Creating scope :page. Overwriting existing method AbstractRequirementTranslation.page.
Creating scope :page. Overwriting existing method ActivityInstance.page.
Creating scope :page. Overwriting existing method ActivityInteractionAnnotation.page.
Creating scope :page. Overwriting existing method ActivityLearnerMotivationAnnotation.page.
Creating scope :page. Overwriting existing method ActivitySequenceTranslation.page.
Creating scope :page. Overwriting existing method ActivityTeacherMotivationAnnotation.page.
Creating scope :page. Overwriting existing method ActivityTechnicalMotivationAnnotation.page.
Creating scope :page. Overwriting existing method ActivityTranslation.page.
Creating scope :page. Overwriting existing method Annotation.page.
Creating scope :page. Overwriting existing method ApplicationFunctionalityAnnotation.page.
Creating scope :page. Overwriting existing method ApplicationOperatingSystemAnnotation.page.
Creating scope :page. Overwriting existing method ApplicationParentCategory.page.
Creating scope :page. Overwriting existing method ApplicationTranslation.page.
Creating scope :page. Overwriting existing method ArticleSubjectAnnotation.page.
Creating scope :page. Overwriting existing method ArtworkSubjectAnnotation.page.
Creating scope :page. Overwriting existing method BiographySubjectAnnotation.page.
Creating scope :page. Overwriting existing method Blog.page.
Creating scope :page. Overwriting existing method BookSubjectAnnotation.page.
Creating scope :page. Overwriting existing method BookmarkUserElementAnnotation.page.
Creating scope :page. Overwriting existing method Box.page.
Creating scope :page. Overwriting existing method Category.page.
Creating scope :page. Overwriting existing method Circumstance.page.
Creating scope :page. Overwriting existing method Classroom.page.
Creating scope :page. Overwriting existing method ClassroomTeacherAnnotation.page.
Creating scope :page. Overwriting existing method Component.page.
Creating scope :page. Overwriting existing method ConcreteRequirement.page.
Creating scope :page. Overwriting existing method ConcreteRequirementToolAnnotation.page.
Creating scope :page. Overwriting existing method ConcreteRequirementToolAssignment.page.
Creating scope :page. Overwriting existing method ConcreteRequirementTranslation.page.
Creating scope :page. Overwriting existing method ContentConcreteRequirement.page.
Creating scope :page. Overwriting existing method ContentConcreteRequirementContentAnnotation.page.
Creating scope :page. Overwriting existing method ContentConcreteRequirementContentAssignment.page.
Creating scope :page. Overwriting existing method ContentTranslation.page.
Creating scope :page. Overwriting existing method ContextualLanguage.page.
Creating scope :page. Overwriting existing method ContextualLanguageTranslation.page.
Creating scope :page. Overwriting existing method ContextualSettingEducationLevelAnnotation.page.
Creating scope :page. Overwriting existing method ContextualSettingLanguageAnnotation.page.
Creating scope :page. Overwriting existing method ContextualSettingSubjectAnnotation.page.
Creating scope :page. Overwriting existing method ContributorRequirement.page.
Creating scope :page. Overwriting existing method ContributorRequirementPersonAssignment.page.
Creating scope :page. Overwriting existing method ContributorRequirementPersonCategoryAnnotation.page.
Creating scope :page. Overwriting existing method ContributorRequirementPersonRoleAnnotation.page.
Creating scope :page. Overwriting existing method ContributorRequirementTranslation.page.
Creating scope :page. Overwriting existing method CourseSubjectAnnotation.page.
Creating scope :page. Overwriting existing method Dashboard.page.
Creating scope :page. Overwriting existing method DeviceTranslation.page.
Creating scope :page. Overwriting existing method DocumentarySubjectAnnotation.page.
Creating scope :page. Overwriting existing method EducationLevel.page.
Creating scope :page. Overwriting existing method EducationLevelTranslation.page.
Creating scope :page. Overwriting existing method ElementCategoryAnnotation.page.
Creating scope :page. Overwriting existing method EventConcreteRequirement.page.
Creating scope :page. Overwriting existing method EventConcreteRequirementEventAnnotation.page.
Creating scope :page. Overwriting existing method EventConcreteRequirementEventAssignment.page.
Creating scope :page. Overwriting existing method EventPlace.page.
Creating scope :page. Overwriting existing method EventRequirement.page.
Creating scope :page. Overwriting existing method EventRequirementEventAssignment.page.
Creating scope :page. Overwriting existing method EventRequirementEventPlaceAnnotation.page.
Creating scope :page. Overwriting existing method EventRequirementEventTypeAnnotation.page.
Creating scope :page. Overwriting existing method EventRequirementTranslation.page.
Creating scope :page. Overwriting existing method EventSubjectAnnotation.page.
Creating scope :page. Overwriting existing method EventTranslation.page.
Creating scope :page. Overwriting existing method EventType.page.
Creating scope :page. Overwriting existing method ExperienceStep.page.
Creating scope :page. Overwriting existing method ExperienceStepContributionAnnotation.page.
Creating scope :page. Overwriting existing method ExperienceTranslation.page.
Creating scope :page. Overwriting existing method FreeText.page.
Creating scope :page. Overwriting existing method FunctionalityTranslation.page.
Creating scope :page. Overwriting existing method GlobalizableLanguageAnnotation.page.
Creating scope :page. Overwriting existing method GroupUserAnnotation.page.
Creating scope :page. Overwriting existing method GuideResourceAnnotation.page.
Creating scope :page. Overwriting existing method GuideTranslation.page.
Creating scope :page. Overwriting existing method GuidelineItem.page.
Creating scope :page. Overwriting existing method GuidelineItemTranslation.page.
Creating scope :page. Overwriting existing method Interaction.page.
Creating scope :page. Overwriting existing method InteractionTranslation.page.
Creating scope :page. Overwriting existing method KlascementSubjectAnnotation.page.
Creating scope :page. Overwriting existing method Language.page.
Creating scope :page. Overwriting existing method LearnerMotivation.page.
Creating scope :page. Overwriting existing method LectureSubjectAnnotation.page.
Creating scope :page. Overwriting existing method Level.page.
Creating scope :page. Overwriting existing method LreSubjectAnnotation.page.
Creating scope :page. Overwriting existing method NegativeComment.page.
Creating scope :page. Overwriting existing method PersonCategory.page.
Creating scope :page. Overwriting existing method PersonConcreteRequirement.page.
Creating scope :page. Overwriting existing method PersonConcreteRequirementPersonAnnotation.page.
Creating scope :page. Overwriting existing method PersonConcreteRequirementPersonAssignment.page.
Creating scope :page. Overwriting existing method PersonLanguageAnnotation.page.
Creating scope :page. Overwriting existing method PersonRole.page.
Creating scope :page. Overwriting existing method PersonSubjectAnnotation.page.
Creating scope :page. Overwriting existing method PersonTranslation.page.
Creating scope :page. Overwriting existing method PositiveComment.page.
Creating scope :page. Overwriting existing method Profile.page.
Creating scope :page. Overwriting existing method Reflexion.page.
Creating scope :page. Overwriting existing method ReportSubjectAnnotation.page.
Creating scope :page. Overwriting existing method RequirementFunctionalityAnnotation.page.
Creating scope :page. Overwriting existing method RequirementLevelAnnotation.page.
Creating scope :page. Overwriting existing method ReutersNewItemSubjectAnnotation.page.
Creating scope :page. Overwriting existing method ScrapingStatus.page.
Creating scope :page. Overwriting existing method SlideshowSubjectAnnotation.page.
Creating scope :page. Overwriting existing method Source.page.
Creating scope :page. Overwriting existing method StepRequirementResourceAnnotation.page.
Creating scope :page. Overwriting existing method Subject.page.
Creating scope :page. Overwriting existing method SubjectTranslation.page.
Creating scope :page. Overwriting existing method Tag.page.
Creating scope :page. Overwriting existing method TagTranslation.page.
Creating scope :page. Overwriting existing method TaggableTagAnnotation.page.
Creating scope :page. Overwriting existing method TeacherMotivation.page.
Creating scope :page. Overwriting existing method TechnicalMotivation.page.
Creating scope :page. Overwriting existing method TechnologicalSettingApplicationAnnotation.page.
Creating scope :page. Overwriting existing method TechnologicalSettingDeviceAnnotation.page.
Creating scope :page. Overwriting existing method TechnologicalSettingTranslation.page.
Creating scope :page. Overwriting existing method Text.page.
Creating scope :page. Overwriting existing method TextTranslation.page.
Creating scope :page. Overwriting existing method Training.page.
Creating scope :page. Overwriting existing method UserTagAnnotation.page.
Creating scope :page. Overwriting existing method WidgetSubjectAnnotation.page.
Creating scope :page. Overwriting existing method WikipediatorServerCounter.page.
Creating scope :page. Overwriting existing method YoutubeItem.page.
Creating scope :page. Overwriting existing method ActiveRecord::SessionStore::Session.page.
Creating scope :page. Overwriting existing method User.page.
Creating scope :page. Overwriting existing method Application.page.
Creating scope :page. Overwriting existing method Globalize::ActiveRecord::Translation.page.
Creating scope :page. Overwriting existing method Functionality.page.
Creating scope :page. Overwriting existing method OperatingSystem.page.
Creating scope :page. Overwriting existing method Activity.page.
Creating scope :page. Overwriting existing method ActivitySequence.page.
Creating scope :page. Overwriting existing method Article.page.
Creating scope :page. Overwriting existing method Artwork.page.
Creating scope :page. Overwriting existing method Biography.page.
Creating scope :page. Overwriting existing method Book.page.
Creating scope :page. Overwriting existing method Comment.page.
Creating scope :page. Overwriting existing method Content.page.
Creating scope :page. Overwriting existing method ContextualSetting.page.
Creating scope :page. Overwriting existing method Course.page.
Creating scope :page. Overwriting existing method Device.page.
Creating scope :page. Overwriting existing method Documentary.page.
Creating scope :page. Overwriting existing method Document.page.
Creating scope :page. Overwriting existing method Event.page.
Creating scope :page. Overwriting existing method Experience.page.
Creating scope :page. Overwriting existing method Group.page.
Creating scope :page. Overwriting existing method Guide.page.
Creating scope :page. Overwriting existing method Klascement.page.
Creating scope :page. Overwriting existing method Lecture.page.
Creating scope :page. Overwriting existing method Lre.page.
Creating scope :page. Overwriting existing method Person.page.
Creating scope :page. Overwriting existing method Picture.page.
Creating scope :page. Overwriting existing method Post.page.
Creating scope :page. Overwriting existing method Report.page.
Creating scope :page. Overwriting existing method ReutersNewItem.page.
Creating scope :page. Overwriting existing method Scenario.page.
Creating scope :page. Overwriting existing method Site.page.
Creating scope :page. Overwriting existing method Slideshow.page.
Creating scope :page. Overwriting existing method TechnologicalSetting.page.
Creating scope :page. Overwriting existing method Widget.page.
Creating scope :page. Overwriting existing method AbstractRequirement.page.
Creating scope :page. Overwriting existing method AbstractRequirementFunctionalityAnnotation.page.
Creating scope :page. Overwriting existing method AbstractRequirementToolAssignment.page.
Creating scope :page. Overwriting existing method AbstractRequirementTranslation.page.
Creating scope :page. Overwriting existing method ActivityInstance.page.
Creating scope :page. Overwriting existing method ActivityInteractionAnnotation.page.
Creating scope :page. Overwriting existing method ActivityLearnerMotivationAnnotation.page.
Creating scope :page. Overwriting existing method ActivitySequenceTranslation.page.
Creating scope :page. Overwriting existing method ActivityTeacherMotivationAnnotation.page.
Creating scope :page. Overwriting existing method ActivityTechnicalMotivationAnnotation.page.
Creating scope :page. Overwriting existing method ActivityTranslation.page.
Creating scope :page. Overwriting existing method Annotation.page.
Creating scope :page. Overwriting existing method ApplicationFunctionalityAnnotation.page.
Creating scope :page. Overwriting existing method ApplicationOperatingSystemAnnotation.page.
Creating scope :page. Overwriting existing method ApplicationParentCategory.page.
Creating scope :page. Overwriting existing method ApplicationTranslation.page.
Creating scope :page. Overwriting existing method ArticleSubjectAnnotation.page.
Creating scope :page. Overwriting existing method ArtworkSubjectAnnotation.page.
Creating scope :page. Overwriting existing method BiographySubjectAnnotation.page.
Creating scope :page. Overwriting existing method Blog.page.
Creating scope :page. Overwriting existing method BookSubjectAnnotation.page.
Creating scope :page. Overwriting existing method BookmarkUserElementAnnotation.page.
Creating scope :page. Overwriting existing method Box.page.
Creating scope :page. Overwriting existing method Category.page.
Creating scope :page. Overwriting existing method Circumstance.page.
Creating scope :page. Overwriting existing method Classroom.page.
Creating scope :page. Overwriting existing method ClassroomTeacherAnnotation.page.
Creating scope :page. Overwriting existing method Component.page.
Creating scope :page. Overwriting existing method ConcreteRequirement.page.
Creating scope :page. Overwriting existing method ConcreteRequirementToolAnnotation.page.
Creating scope :page. Overwriting existing method ConcreteRequirementToolAssignment.page.
Creating scope :page. Overwriting existing method ConcreteRequirementTranslation.page.
Creating scope :page. Overwriting existing method ContentConcreteRequirement.page.
Creating scope :page. Overwriting existing method ContentConcreteRequirementContentAnnotation.page.
Creating scope :page. Overwriting existing method ContentConcreteRequirementContentAssignment.page.
Creating scope :page. Overwriting existing method ContentTranslation.page.
Creating scope :page. Overwriting existing method ContextualLanguage.page.
Creating scope :page. Overwriting existing method ContextualLanguageTranslation.page.
Creating scope :page. Overwriting existing method ContextualSettingEducationLevelAnnotation.page.
Creating scope :page. Overwriting existing method ContextualSettingLanguageAnnotation.page.
Creating scope :page. Overwriting existing method ContextualSettingSubjectAnnotation.page.
Creating scope :page. Overwriting existing method ContributorRequirement.page.
Creating scope :page. Overwriting existing method ContributorRequirementPersonAssignment.page.
Creating scope :page. Overwriting existing method ContributorRequirementPersonCategoryAnnotation.page.
Creating scope :page. Overwriting existing method ContributorRequirementPersonRoleAnnotation.page.
Creating scope :page. Overwriting existing method ContributorRequirementTranslation.page.
Creating scope :page. Overwriting existing method CourseSubjectAnnotation.page.
Creating scope :page. Overwriting existing method Dashboard.page.
Creating scope :page. Overwriting existing method DeviceTranslation.page.
Creating scope :page. Overwriting existing method DocumentarySubjectAnnotation.page.
Creating scope :page. Overwriting existing method EducationLevel.page.
Creating scope :page. Overwriting existing method EducationLevelTranslation.page.
Creating scope :page. Overwriting existing method ElementCategoryAnnotation.page.
Creating scope :page. Overwriting existing method EventConcreteRequirement.page.
Creating scope :page. Overwriting existing method EventConcreteRequirementEventAnnotation.page.
Creating scope :page. Overwriting existing method EventConcreteRequirementEventAssignment.page.
Creating scope :page. Overwriting existing method EventPlace.page.
Creating scope :page. Overwriting existing method EventRequirement.page.
Creating scope :page. Overwriting existing method EventRequirementEventAssignment.page.
Creating scope :page. Overwriting existing method EventRequirementEventPlaceAnnotation.page.
Creating scope :page. Overwriting existing method EventRequirementEventTypeAnnotation.page.
Creating scope :page. Overwriting existing method EventRequirementTranslation.page.
Creating scope :page. Overwriting existing method EventSubjectAnnotation.page.
Creating scope :page. Overwriting existing method EventTranslation.page.
Creating scope :page. Overwriting existing method EventType.page.
Creating scope :page. Overwriting existing method ExperienceStep.page.
Creating scope :page. Overwriting existing method ExperienceStepContributionAnnotation.page.
Creating scope :page. Overwriting existing method ExperienceTranslation.page.
Creating scope :page. Overwriting existing method FreeText.page.
Creating scope :page. Overwriting existing method FunctionalityTranslation.page.
Creating scope :page. Overwriting existing method GlobalizableLanguageAnnotation.page.
Creating scope :page. Overwriting existing method GroupUserAnnotation.page.
Creating scope :page. Overwriting existing method GuideResourceAnnotation.page.
Creating scope :page. Overwriting existing method GuideTranslation.page.
Creating scope :page. Overwriting existing method GuidelineItem.page.
Creating scope :page. Overwriting existing method GuidelineItemTranslation.page.
Creating scope :page. Overwriting existing method Interaction.page.
Creating scope :page. Overwriting existing method InteractionTranslation.page.
Creating scope :page. Overwriting existing method KlascementSubjectAnnotation.page.
Creating scope :page. Overwriting existing method Language.page.
Creating scope :page. Overwriting existing method LearnerMotivation.page.
Creating scope :page. Overwriting existing method LectureSubjectAnnotation.page.
Creating scope :page. Overwriting existing method Level.page.
Creating scope :page. Overwriting existing method LreSubjectAnnotation.page.
Creating scope :page. Overwriting existing method NegativeComment.page.
Creating scope :page. Overwriting existing method PersonCategory.page.
Creating scope :page. Overwriting existing method PersonConcreteRequirement.page.
Creating scope :page. Overwriting existing method PersonConcreteRequirementPersonAnnotation.page.
Creating scope :page. Overwriting existing method PersonConcreteRequirementPersonAssignment.page.
Creating scope :page. Overwriting existing method PersonLanguageAnnotation.page.
Creating scope :page. Overwriting existing method PersonRole.page.
Creating scope :page. Overwriting existing method PersonSubjectAnnotation.page.
Creating scope :page. Overwriting existing method PersonTranslation.page.
Creating scope :page. Overwriting existing method PositiveComment.page.
Creating scope :page. Overwriting existing method Profile.page.
Creating scope :page. Overwriting existing method Reflexion.page.
Creating scope :page. Overwriting existing method ReportSubjectAnnotation.page.
Creating scope :page. Overwriting existing method RequirementFunctionalityAnnotation.page.
Creating scope :page. Overwriting existing method RequirementLevelAnnotation.page.
Creating scope :page. Overwriting existing method ReutersNewItemSubjectAnnotation.page.
Creating scope :page. Overwriting existing method ScrapingStatus.page.
Creating scope :page. Overwriting existing method SlideshowSubjectAnnotation.page.
Creating scope :page. Overwriting existing method Source.page.
Creating scope :page. Overwriting existing method StepRequirementResourceAnnotation.page.
Creating scope :page. Overwriting existing method Subject.page.
Creating scope :page. Overwriting existing method SubjectTranslation.page.
Creating scope :page. Overwriting existing method Tag.page.
Creating scope :page. Overwriting existing method TagTranslation.page.
Creating scope :page. Overwriting existing method TaggableTagAnnotation.page.
Creating scope :page. Overwriting existing method TeacherMotivation.page.
Creating scope :page. Overwriting existing method TechnicalMotivation.page.
Creating scope :page. Overwriting existing method TechnologicalSettingApplicationAnnotation.page.
Creating scope :page. Overwriting existing method TechnologicalSettingDeviceAnnotation.page.
Creating scope :page. Overwriting existing method TechnologicalSettingTranslation.page.
Creating scope :page. Overwriting existing method Text.page.
Creating scope :page. Overwriting existing method TextTranslation.page.
Creating scope :page. Overwriting existing method Training.page.
Creating scope :page. Overwriting existing method UserTagAnnotation.page.
Creating scope :page. Overwriting existing method WidgetSubjectAnnotation.page.
Creating scope :page. Overwriting existing method WikipediatorServerCounter.page.
Creating scope :page. Overwriting existing method YoutubeItem.page.
